<?xml version="1.0" encoding="UTF-8"?>
<testng-results total="3" passed="3" failed="0" skipped="0">
  <reporter-output>
  </reporter-output>
  <suite started-at="2021-11-18T10:40:23Z" name="Default suite" finished-at="2021-11-18T10:40:25Z" duration-ms="2088">
    <groups>
    </groups>
    <test started-at="2021-11-18T10:40:23Z" name="Default test" finished-at="2021-11-18T10:40:25Z" duration-ms="2088">
      <class name="tests.PutPatchDelete_examples">
        <test-method signature="testDelete()[pri:0, instance:tests.PutPatchDelete_examples@38cee291]" started-at="2021-11-18T10:40:23Z" name="testDelete" finished-at="2021-11-18T10:40:25Z" duration-ms="1520" status="PASS">
          <reporter-output>
          </reporter-output>
        </test-method> <!-- testDelete -->
        <test-method signature="testPatch()[pri:0, instance:tests.PutPatchDelete_examples@38cee291]" started-at="2021-11-18T10:40:25Z" name="testPatch" finished-at="2021-11-18T10:40:25Z" duration-ms="332" status="PASS">
          <reporter-output>
          </reporter-output>
        </test-method> <!-- testPatch -->
        <test-method signature="testPut()[pri:0, instance:tests.PutPatchDelete_examples@38cee291]" started-at="2021-11-18T10:40:25Z" name="testPut" finished-at="2021-11-18T10:40:25Z" duration-ms="220" status="PASS">
          <reporter-output>
          </reporter-output>
        </test-method> <!-- testPut -->
      </class> <!-- tests.PutPatchDelete_examples -->
    </test> <!-- Default test -->
  </suite> <!-- Default suite -->
</testng-results>
